<?xml version="1.0" encoding="UTF-8"?>
<!-- Generated by org.testng.reporters.JUnitXMLReporter -->
<testsuite ignored="18" hostname="DESKTOP-H2NG9V0" failures="1" tests="3" name="Test" time="68.876" errors="0" timestamp="2021-05-18T21:58:37 EDT">
  <testcase classname="TestCase.HomePageTest" name="fillingBill17" time="34.101">
    <failure type="org.openqa.selenium.ElementClickInterceptedException" message="element click intercepted: Element &amp;lt;input id=&amp;quot;payment_method_bacs&amp;quot; type=&amp;quot;radio&amp;quot; class=&amp;quot;input-radio&amp;quot; name=&amp;quot;payment_method&amp;quot; value=&amp;quot;bacs&amp;quot; checked=&amp;quot;checked&amp;quot; data-order_button_text=&amp;quot;&amp;quot;&amp;gt; is not clickable at point (181, 833). Other element would receive the click: &amp;lt;div id=&amp;quot;select2-drop-mask&amp;quot; class=&amp;quot;select2-drop-mask&amp;quot; style=&amp;quot;display: block;&amp;quot;&amp;gt;&amp;lt;/div&amp;gt;
  (Session info: chrome=90.0.4430.212)
Build info: version: &amp;apos;3.141.59&amp;apos;, revision: &amp;apos;e82be7d358&amp;apos;, time: &amp;apos;2018-11-14T08:17:03&amp;apos;
System info: host: &amp;apos;DESKTOP-H2NG9V0&amp;apos;, ip: &amp;apos;192.168.1.75&amp;apos;, os.name: &amp;apos;Windows 10&amp;apos;, os.arch: &amp;apos;amd64&amp;apos;, os.version: &amp;apos;10.0&amp;apos;, java.version: &amp;apos;15.0.1&amp;apos;
Driver info: org.openqa.selenium.chrome.ChromeDriver
Capabilities {acceptInsecureCerts: false, browserName: chrome, browserVersion: 90.0.4430.212, chrome: {chromedriverVersion: 90.0.4430.24 (4c6d850f087da..., userDataDir: C:\Users\Golf_\AppData\Loca...}, goog:chromeOptions: {debuggerAddress: localhost:55833}, javascriptEnabled: true, networkConnectionEnabled: false, pageLoadStrategy: normal, platform: WINDOWS, platformName: WINDOWS, proxy: Proxy(), setWindowRect: true, strictFileInteractability: false, timeouts: {implicit: 0, pageLoad: 300000, script: 30000}, unhandledPromptBehavior: dismiss and notify, webauthn:extension:largeBlob: true, webauthn:virtualAuthenticators: true}
Session ID: 01f0757381680245ee66b017c77f3583">
      <![CDATA[org.openqa.selenium.ElementClickInterceptedException: element click intercepted: Element <input id="payment_method_bacs" type="radio" class="input-radio" name="payment_method" value="bacs" checked="checked" data-order_button_text=""> is not clickable at point (181, 833). Other element would receive the click: <div id="select2-drop-mask" class="select2-drop-mask" style="display: block;"></div>
  (Session info: chrome=90.0.4430.212)
Build info: version: '3.141.59', revision: 'e82be7d358', time: '2018-11-14T08:17:03'
System info: host: 'DESKTOP-H2NG9V0', ip: '192.168.1.75', os.name: 'Windows 10', os.arch: 'amd64', os.version: '10.0', java.version: '15.0.1'
Driver info: org.openqa.selenium.chrome.ChromeDriver
Capabilities {acceptInsecureCerts: false, browserName: chrome, browserVersion: 90.0.4430.212, chrome: {chromedriverVersion: 90.0.4430.24 (4c6d850f087da..., userDataDir: C:\Users\Golf_\AppData\Loca...}, goog:chromeOptions: {debuggerAddress: localhost:55833}, javascriptEnabled: true, networkConnectionEnabled: false, pageLoadStrategy: normal, platform: WINDOWS, platformName: WINDOWS, proxy: Proxy(), setWindowRect: true, strictFileInteractability: false, timeouts: {implicit: 0, pageLoad: 300000, script: 30000}, unhandledPromptBehavior: dismiss and notify, webauthn:extension:largeBlob: true, webauthn:virtualAuthenticators: true}
Session ID: 01f0757381680245ee66b017c77f3583
at org.openqa.selenium.remote.http.W3CHttpResponseCodec.createException(W3CHttpResponseCodec.java:187)
at org.openqa.selenium.remote.http.W3CHttpResponseCodec.decode(W3CHttpResponseCodec.java:122)
at org.openqa.selenium.remote.http.W3CHttpResponseCodec.decode(W3CHttpResponseCodec.java:49)
at org.openqa.selenium.remote.HttpCommandExecutor.execute(HttpCommandExecutor.java:158)
at org.openqa.selenium.remote.service.DriverCommandExecutor.execute(DriverCommandExecutor.java:83)
at org.openqa.selenium.remote.RemoteWebDriver.execute(RemoteWebDriver.java:552)
at org.openqa.selenium.remote.RemoteWebElement.execute(RemoteWebElement.java:285)
at org.openqa.selenium.remote.RemoteWebElement.click(RemoteWebElement.java:84)
at org.openqa.selenium.support.pagefactory.internal.LocatingElementHandler.invoke(LocatingElementHandler.java:51)
at com.sun.proxy.$Proxy12.click(Unknown Source)
at TestCase.HomePageTest.fillingBill17(HomePageTest.java:506)
at java.base/java.util.ArrayList.forEach(ArrayList.java:1511)
... Removed 36 stack frames]]>
    </failure>
  </testcase> <!-- fillingBill17 -->
  <testcase classname="TestCase.MyAccountRegisteration" name="emthyEmailPassword" time="9.188"/>
  <testcase classname="TestCase.MyAccountRegisteration" name="emthyPassword" time="10.777"/>
  <testcase classname="TestCase.HomePageTest" name="imageArivalDescription" time="0.0">
    <ignored/>
  </testcase> <!-- imageArivalDescription -->
  <testcase classname="TestCase.HomePageTest" name="checkOut16" time="0.0">
    <ignored/>
  </testcase> <!-- checkOut16 -->
  <testcase classname="TestCase.HomePageTest" name="verifyThreeArival" time="0.0">
    <ignored/>
  </testcase> <!-- verifyThreeArival -->
  <testcase classname="TestCase.HomePageTest" name="arivalAddToBasket" time="0.0">
    <ignored/>
  </testcase> <!-- arivalAddToBasket -->
  <testcase classname="TestCase.HomePageTest" name="imageArivalNavigate" time="0.0">
    <ignored/>
  </testcase> <!-- imageArivalNavigate -->
  <testcase classname="TestCase.HomePageTest" name="coupong" time="0.0">
    <ignored/>
  </testcase> <!-- coupong -->
  <testcase classname="TestCase.HomePageTest" name="verifyThreeSlider" time="0.0">
    <ignored/>
  </testcase> <!-- verifyThreeSlider -->
  <testcase classname="TestCase.MyAccountRegisteration" name="emthyEmail" time="0.0">
    <ignored/>
  </testcase> <!-- emthyEmail -->
  <testcase classname="TestCase.HomePageTest" name="removeBook" time="0.0">
    <ignored/>
  </testcase> <!-- removeBook -->
  <testcase classname="TestCase.HomePageTest" name="checkOut" time="0.0">
    <ignored/>
  </testcase> <!-- checkOut -->
  <testcase classname="TestCase.MyAccountRegisteration" name="myAccountOrder" time="0.0">
    <ignored/>
  </testcase> <!-- myAccountOrder -->
  <testcase classname="TestCase.HomePageTest" name="addMoreBook" time="0.0">
    <ignored/>
  </testcase> <!-- addMoreBook -->
  <testcase classname="TestCase.MyAccountRegisteration" name="myAccountDashbord" time="0.0">
    <ignored/>
  </testcase> <!-- myAccountDashbord -->
  <testcase classname="TestCase.HomePageTest" name="reviewTap" time="0.0">
    <ignored/>
  </testcase> <!-- reviewTap -->
  <testcase classname="TestCase.HomePageTest" name="finalPrice" time="0.0">
    <ignored/>
  </testcase> <!-- finalPrice -->
  <testcase classname="TestCase.HomePageTest" name="addBook" time="0.0">
    <ignored/>
  </testcase> <!-- addBook -->
  <testcase classname="TestCase.HomePageTest" name="coupongLimit" time="0.0">
    <ignored/>
  </testcase> <!-- coupongLimit -->
  <testcase classname="TestCase.HomePageTest" name="updateBasket" time="0.0">
    <ignored/>
  </testcase> <!-- updateBasket -->
</testsuite> <!-- Test -->
