<?xml version="1.0" encoding="UTF-8"?>
<!-- Generated by org.testng.reporters.JUnitReportReporter -->
<testsuite hostname="DESKTOP-H2NG9V0" failures="0" tests="16" name="TestCase.HomePageTest" time="39.652" errors="1" timestamp="2021-05-18T21:58:37 EDT" skipped="15">
  <testcase classname="TestCase.HomePageTest" name="fillingBill17" time="39.652">
    <error message="element click intercepted: Element &lt;input id=&quot;payment_method_bacs&quot; type=&quot;radio&quot; class=&quot;input-radio&quot; name=&quot;payment_method&quot; value=&quot;bacs&quot; checked=&quot;checked&quot; data-order_button_text=&quot;&quot;&gt; is not clickable at point (181, 833). Other element would receive the click: &lt;div id=&quot;select2-drop-mask&quot; class=&quot;select2-drop-mask&quot; style=&quot;display: block;&quot;&gt;&lt;/div&gt;
  (Session info: chrome=90.0.4430.212)
Build info: version: &#039;3.141.59&#039;, revision: &#039;e82be7d358&#039;, time: &#039;2018-11-14T08:17:03&#039;
System info: host: &#039;DESKTOP-H2NG9V0&#039;, ip: &#039;192.168.1.75&#039;, os.name: &#039;Windows 10&#039;, os.arch: &#039;amd64&#039;, os.version: &#039;10.0&#039;, java.version: &#039;15.0.1&#039;
Driver info: org.openqa.selenium.chrome.ChromeDriver
Capabilities {acceptInsecureCerts: false, browserName: chrome, browserVersion: 90.0.4430.212, chrome: {chromedriverVersion: 90.0.4430.24 (4c6d850f087da..., userDataDir: C:\Users\Golf_\AppData\Loca...}, goog:chromeOptions: {debuggerAddress: localhost:55833}, javascriptEnabled: true, networkConnectionEnabled: false, pageLoadStrategy: normal, platform: WINDOWS, platformName: WINDOWS, proxy: Proxy(), setWindowRect: true, strictFileInteractability: false, timeouts: {implicit: 0, pageLoad: 300000, script: 30000}, unhandledPromptBehavior: dismiss and notify, webauthn:extension:largeBlob: true, webauthn:virtualAuthenticators: true}
Session ID: 01f0757381680245ee66b017c77f3583" type="org.openqa.selenium.ElementClickInterceptedException">
      <![CDATA[org.openqa.selenium.ElementClickInterceptedException: element click intercepted: Element <input id="payment_method_bacs" type="radio" class="input-radio" name="payment_method" value="bacs" checked="checked" data-order_button_text=""> is not clickable at point (181, 833). Other element would receive the click: <div id="select2-drop-mask" class="select2-drop-mask" style="display: block;"></div>
  (Session info: chrome=90.0.4430.212)
Build info: version: '3.141.59', revision: 'e82be7d358', time: '2018-11-14T08:17:03'
System info: host: 'DESKTOP-H2NG9V0', ip: '192.168.1.75', os.name: 'Windows 10', os.arch: 'amd64', os.version: '10.0', java.version: '15.0.1'
Driver info: org.openqa.selenium.chrome.ChromeDriver
Capabilities {acceptInsecureCerts: false, browserName: chrome, browserVersion: 90.0.4430.212, chrome: {chromedriverVersion: 90.0.4430.24 (4c6d850f087da..., userDataDir: C:\Users\Golf_\AppData\Loca...}, goog:chromeOptions: {debuggerAddress: localhost:55833}, javascriptEnabled: true, networkConnectionEnabled: false, pageLoadStrategy: normal, platform: WINDOWS, platformName: WINDOWS, proxy: Proxy(), setWindowRect: true, strictFileInteractability: false, timeouts: {implicit: 0, pageLoad: 300000, script: 30000}, unhandledPromptBehavior: dismiss and notify, webauthn:extension:largeBlob: true, webauthn:virtualAuthenticators: true}
Session ID: 01f0757381680245ee66b017c77f3583
at java.base/jdk.internal.reflect.NativeConstructorAccessorImpl.newInstance0(Native Method)
at java.base/jdk.internal.reflect.NativeConstructorAccessorImpl.newInstance(NativeConstructorAccessorImpl.java:64)
at java.base/jdk.internal.reflect.DelegatingConstructorAccessorImpl.newInstance(DelegatingConstructorAccessorImpl.java:45)
at java.base/java.lang.reflect.Constructor.newInstanceWithCaller(Constructor.java:500)
at java.base/java.lang.reflect.Constructor.newInstance(Constructor.java:481)
at org.openqa.selenium.remote.http.W3CHttpResponseCodec.createException(W3CHttpResponseCodec.java:187)
at org.openqa.selenium.remote.http.W3CHttpResponseCodec.decode(W3CHttpResponseCodec.java:122)
at org.openqa.selenium.remote.http.W3CHttpResponseCodec.decode(W3CHttpResponseCodec.java:49)
at org.openqa.selenium.remote.HttpCommandExecutor.execute(HttpCommandExecutor.java:158)
at org.openqa.selenium.remote.service.DriverCommandExecutor.execute(DriverCommandExecutor.java:83)
at org.openqa.selenium.remote.RemoteWebDriver.execute(RemoteWebDriver.java:552)
at org.openqa.selenium.remote.RemoteWebElement.execute(RemoteWebElement.java:285)
at org.openqa.selenium.remote.RemoteWebElement.click(RemoteWebElement.java:84)
at java.base/jdk.internal.reflect.NativeMethodAccessorImpl.invoke0(Native Method)
at java.base/jdk.internal.reflect.NativeMethodAccessorImpl.invoke(NativeMethodAccessorImpl.java:64)
at java.base/jdk.internal.reflect.DelegatingMethodAccessorImpl.invoke(DelegatingMethodAccessorImpl.java:43)
at java.base/java.lang.reflect.Method.invoke(Method.java:564)
at org.openqa.selenium.support.pagefactory.internal.LocatingElementHandler.invoke(LocatingElementHandler.java:51)
at com.sun.proxy.$Proxy12.click(Unknown Source)
at TestCase.HomePageTest.fillingBill17(HomePageTest.java:506)
at java.base/jdk.internal.reflect.NativeMethodAccessorImpl.invoke0(Native Method)
at java.base/jdk.internal.reflect.NativeMethodAccessorImpl.invoke(NativeMethodAccessorImpl.java:64)
at java.base/jdk.internal.reflect.DelegatingMethodAccessorImpl.invoke(DelegatingMethodAccessorImpl.java:43)
at java.base/java.lang.reflect.Method.invoke(Method.java:564)
at org.testng.internal.MethodInvocationHelper.invokeMethod(MethodInvocationHelper.java:133)
at org.testng.internal.TestInvoker.invokeMethod(TestInvoker.java:598)
at org.testng.internal.TestInvoker.invokeTestMethod(TestInvoker.java:173)
at org.testng.internal.MethodRunner.runInSequence(MethodRunner.java:46)
at org.testng.internal.TestInvoker$MethodInvocationAgent.invoke(TestInvoker.java:824)
at org.testng.internal.TestInvoker.invokeTestMethods(TestInvoker.java:146)
at org.testng.internal.TestMethodWorker.invokeTestMethods(TestMethodWorker.java:146)
at org.testng.internal.TestMethodWorker.run(TestMethodWorker.java:128)
at java.base/java.util.ArrayList.forEach(ArrayList.java:1511)
at org.testng.TestRunner.privateRun(TestRunner.java:794)
at org.testng.TestRunner.run(TestRunner.java:596)
at org.testng.SuiteRunner.runTest(SuiteRunner.java:377)
at org.testng.SuiteRunner.runSequentially(SuiteRunner.java:371)
at org.testng.SuiteRunner.privateRun(SuiteRunner.java:332)
at org.testng.SuiteRunner.run(SuiteRunner.java:276)
at org.testng.SuiteRunnerWorker.runSuite(SuiteRunnerWorker.java:53)
at org.testng.SuiteRunnerWorker.run(SuiteRunnerWorker.java:96)
at org.testng.TestNG.runSuitesSequentially(TestNG.java:1212)
at org.testng.TestNG.runSuitesLocally(TestNG.java:1134)
at org.testng.TestNG.runSuites(TestNG.java:1063)
at org.testng.TestNG.run(TestNG.java:1031)
at org.testng.remote.AbstractRemoteTestNG.run(AbstractRemoteTestNG.java:115)
at org.testng.remote.RemoteTestNG.initAndRun(RemoteTestNG.java:251)
at org.testng.remote.RemoteTestNG.main(RemoteTestNG.java:77)
]]>
    </error>
  </testcase> <!-- fillingBill17 -->
  <system-out>
    <![CDATA[<a href='C:\Users\Golf_\Desktop\GitHubTestWorkSpace\POMproject\target\surefire-reports\failure_screenshots\fillingBill17_05_18_2021_09_58_08.png'> <img src='C:\Users\Golf_\Desktop\GitHubTestWorkSpace\POMproject\target\surefire-reports\failure_screenshots\fillingBill17_05_18_2021_09_58_08.png' height='100' width='100'/> </a>]]>
  </system-out>
  <testcase classname="TestCase.HomePageTest" name="imageArivalDescription">
    <skipped/>
  </testcase> <!-- imageArivalDescription -->
  <system-out/>
  <testcase classname="TestCase.HomePageTest" name="checkOut16">
    <skipped/>
  </testcase> <!-- checkOut16 -->
  <system-out/>
  <testcase classname="TestCase.HomePageTest" name="verifyThreeArival">
    <skipped/>
  </testcase> <!-- verifyThreeArival -->
  <system-out/>
  <testcase classname="TestCase.HomePageTest" name="arivalAddToBasket">
    <skipped/>
  </testcase> <!-- arivalAddToBasket -->
  <system-out/>
  <testcase classname="TestCase.HomePageTest" name="imageArivalNavigate">
    <skipped/>
  </testcase> <!-- imageArivalNavigate -->
  <system-out/>
  <testcase classname="TestCase.HomePageTest" name="coupong">
    <skipped/>
  </testcase> <!-- coupong -->
  <system-out/>
  <testcase classname="TestCase.HomePageTest" name="verifyThreeSlider">
    <skipped/>
  </testcase> <!-- verifyThreeSlider -->
  <system-out/>
  <testcase classname="TestCase.HomePageTest" name="removeBook">
    <skipped/>
  </testcase> <!-- removeBook -->
  <system-out/>
  <testcase classname="TestCase.HomePageTest" name="checkOut">
    <skipped/>
  </testcase> <!-- checkOut -->
  <system-out/>
  <testcase classname="TestCase.HomePageTest" name="addMoreBook">
    <skipped/>
  </testcase> <!-- addMoreBook -->
  <system-out/>
  <testcase classname="TestCase.HomePageTest" name="reviewTap">
    <skipped/>
  </testcase> <!-- reviewTap -->
  <system-out/>
  <testcase classname="TestCase.HomePageTest" name="finalPrice">
    <skipped/>
  </testcase> <!-- finalPrice -->
  <system-out/>
  <testcase classname="TestCase.HomePageTest" name="addBook">
    <skipped/>
  </testcase> <!-- addBook -->
  <system-out/>
  <testcase classname="TestCase.HomePageTest" name="coupongLimit">
    <skipped/>
  </testcase> <!-- coupongLimit -->
  <system-out/>
  <testcase classname="TestCase.HomePageTest" name="updateBasket">
    <skipped/>
  </testcase> <!-- updateBasket -->
  <system-out/>
</testsuite> <!-- TestCase.HomePageTest -->
